<?xml version='1.0' encoding='UTF-8'?>
<testsuite hostname="pc-dribagnac" name="learn.TestDevMaxExp" tests="5" errors="0" failures="0" skipped="0" time="0.103" timestamp="2019-06-12T10:41:24">
                     <properties>
[...]
</properties>
                     <testcase classname="learn.TestDevMaxExp" name="should retunn 10" time="0.095">
                                                 
                                               </testcase><testcase classname="learn.TestDevMaxExp" name="should retunn 18" time="0.0">
                                                 
                                               </testcase><testcase classname="learn.TestDevMaxExp" name="should retunn 18 also" time="0.001">
                                                 
                                               </testcase><testcase classname="learn.TestDevMaxExp" name="should retunn 15 also" time="0.0">
                                                 
                                               </testcase><testcase classname="learn.TestDevMaxExp" name="should be ok" time="0.007">
                                                 
                                               </testcase>
                     <system-out><![CDATA[]]></system-out>
                     <system-err><![CDATA[]]></system-err>
                   </testsuite>